<?xml version="1.0" encoding="UTF-8"?>
<!-- Generated by org.testng.reporters.JUnitXMLReporter -->
<testsuite ignored="0" hostname="sansidson-PC" failures="0" tests="7" name="Test1" time="494.48" errors="0" timestamp="2022-10-16T18:56:59 IST">
  <testcase classname="Becomeasellermoduleelementsclickability_Top" name="buttonclickability" time="89.014"/>
  <testcase classname="cartbuttonclickability" name="CartbuttonClickability" time="3.103"/>
  <testcase classname="MainPagefooterlinksvalidity" name="FooterLinksvalidity" time="10.153"/>
  <testcase classname="Loginmoduledropelementsclickability" name="logindropelementsclickability" time="3.434"/>
  <testcase classname="Moredropmoduletextverificationandclickability" name="textverification" time="18.996"/>
  <testcase classname="LoginMyProfileTextverification" name="textverification" time="6.164"/>
  <testcase classname="addtocartfunction" name="Addtocart" time="27.656"/>
</testsuite> <!-- Test1 -->
